Determining if the pthread_create exist failed with the following output:
Change Dir: /home/altex/Mehrizi/tensorrtx/Desktop-build-qt/CMakeFiles/CMakeTmp

Run Build Command:"/usr/bin/make" "cmTC_01a74/fast"
/usr/bin/make -f CMakeFiles/cmTC_01a74.dir/build.make CMakeFiles/cmTC_01a74.dir/build
make[1]: Entering directory '/home/altex/Mehrizi/tensorrtx/Desktop-build-qt/CMakeFiles/CMakeTmp'
Building C object CMakeFiles/cmTC_01a74.dir/CheckSymbolExists.c.o
/usr/bin/gcc   -fPIC    -o CMakeFiles/cmTC_01a74.dir/CheckSymbolExists.c.o   -c /home/altex/Mehrizi/tensorrtx/Desktop-build-qt/CMakeFiles/CMakeTmp/CheckSymbolExists.c
Linking C executable cmTC_01a74
/usr/bin/cmake -E cmake_link_script CMakeFiles/cmTC_01a74.dir/link.txt --verbose=1
/usr/bin/gcc -fPIC     -rdynamic CMakeFiles/cmTC_01a74.dir/CheckSymbolExists.c.o  -o cmTC_01a74 
CMakeFiles/cmTC_01a74.dir/CheckSymbolExists.c.o: In function `main':
CheckSymbolExists.c:(.text+0x1b): undefined reference to `pthread_create'
collect2: error: ld returned 1 exit status
CMakeFiles/cmTC_01a74.dir/build.make:97: recipe for target 'cmTC_01a74' failed
make[1]: *** [cmTC_01a74] Error 1
make[1]: Leaving directory '/home/altex/Mehrizi/tensorrtx/Desktop-build-qt/CMakeFiles/CMakeTmp'
Makefile:126: recipe for target 'cmTC_01a74/fast' failed
make: *** [cmTC_01a74/fast] Error 2

File /home/altex/Mehrizi/tensorrtx/Desktop-build-qt/CMakeFiles/CMakeTmp/CheckSymbolExists.c:
/* */
#include <pthread.h>

int main(int argc, char** argv)
{
  (void)argv;
#ifndef pthread_create
  return ((int*)(&pthread_create))[argc];
#else
  (void)argc;
  return 0;
#endif
}

Determining if the function pthread_create exists in the pthreads failed with the following output:
Change Dir: /home/altex/Mehrizi/tensorrtx/Desktop-build-qt/CMakeFiles/CMakeTmp

Run Build Command:"/usr/bin/make" "cmTC_cdbc2/fast"
/usr/bin/make -f CMakeFiles/cmTC_cdbc2.dir/build.make CMakeFiles/cmTC_cdbc2.dir/build
make[1]: Entering directory '/home/altex/Mehrizi/tensorrtx/Desktop-build-qt/CMakeFiles/CMakeTmp'
Building C object CMakeFiles/cmTC_cdbc2.dir/CheckFunctionExists.c.o
/usr/bin/gcc   -fPIC -DCHECK_FUNCTION_EXISTS=pthread_create   -o CMakeFiles/cmTC_cdbc2.dir/CheckFunctionExists.c.o   -c /usr/share/cmake-3.10/Modules/CheckFunctionExists.c
Linking C executable cmTC_cdbc2
/usr/bin/cmake -E cmake_link_script CMakeFiles/cmTC_cdbc2.dir/link.txt --verbose=1
/usr/bin/gcc -fPIC -DCHECK_FUNCTION_EXISTS=pthread_create    -rdynamic CMakeFiles/cmTC_cdbc2.dir/CheckFunctionExists.c.o  -o cmTC_cdbc2 -lpthreads 
/usr/bin/ld: cannot find -lpthreads
collect2: error: ld returned 1 exit status
CMakeFiles/cmTC_cdbc2.dir/build.make:97: recipe for target 'cmTC_cdbc2' failed
make[1]: *** [cmTC_cdbc2] Error 1
make[1]: Leaving directory '/home/altex/Mehrizi/tensorrtx/Desktop-build-qt/CMakeFiles/CMakeTmp'
Makefile:126: recipe for target 'cmTC_cdbc2/fast' failed
make: *** [cmTC_cdbc2/fast] Error 2


Determining if the pthread_create exist failed with the following output:
Change Dir: /home/altex/Mehrizi/tensorrtx/Desktop-build-qt/CMakeFiles/CMakeTmp

Run Build Command:"/usr/bin/make" "cmTC_23c44/fast"
/usr/bin/make -f CMakeFiles/cmTC_23c44.dir/build.make CMakeFiles/cmTC_23c44.dir/build
make[1]: Entering directory '/home/altex/Mehrizi/tensorrtx/Desktop-build-qt/CMakeFiles/CMakeTmp'
Building C object CMakeFiles/cmTC_23c44.dir/CheckSymbolExists.c.o
/usr/bin/gcc   -fPIC    -o CMakeFiles/cmTC_23c44.dir/CheckSymbolExists.c.o   -c /home/altex/Mehrizi/tensorrtx/Desktop-build-qt/CMakeFiles/CMakeTmp/CheckSymbolExists.c
Linking C executable cmTC_23c44
/usr/bin/cmake -E cmake_link_script CMakeFiles/cmTC_23c44.dir/link.txt --verbose=1
/usr/bin/gcc -fPIC     -rdynamic CMakeFiles/cmTC_23c44.dir/CheckSymbolExists.c.o  -o cmTC_23c44 
CMakeFiles/cmTC_23c44.dir/CheckSymbolExists.c.o: In function `main':
CheckSymbolExists.c:(.text+0x1b): undefined reference to `pthread_create'
collect2: error: ld returned 1 exit status
CMakeFiles/cmTC_23c44.dir/build.make:97: recipe for target 'cmTC_23c44' failed
make[1]: *** [cmTC_23c44] Error 1
make[1]: Leaving directory '/home/altex/Mehrizi/tensorrtx/Desktop-build-qt/CMakeFiles/CMakeTmp'
Makefile:126: recipe for target 'cmTC_23c44/fast' failed
make: *** [cmTC_23c44/fast] Error 2

File /home/altex/Mehrizi/tensorrtx/Desktop-build-qt/CMakeFiles/CMakeTmp/CheckSymbolExists.c:
/* */
#include <pthread.h>

int main(int argc, char** argv)
{
  (void)argv;
#ifndef pthread_create
  return ((int*)(&pthread_create))[argc];
#else
  (void)argc;
  return 0;
#endif
}

Determining if the function pthread_create exists in the pthreads failed with the following output:
Change Dir: /home/altex/Mehrizi/tensorrtx/Desktop-build-qt/CMakeFiles/CMakeTmp

Run Build Command:"/usr/bin/make" "cmTC_ead08/fast"
/usr/bin/make -f CMakeFiles/cmTC_ead08.dir/build.make CMakeFiles/cmTC_ead08.dir/build
make[1]: Entering directory '/home/altex/Mehrizi/tensorrtx/Desktop-build-qt/CMakeFiles/CMakeTmp'
Building C object CMakeFiles/cmTC_ead08.dir/CheckFunctionExists.c.o
/usr/bin/gcc   -fPIC -DCHECK_FUNCTION_EXISTS=pthread_create   -o CMakeFiles/cmTC_ead08.dir/CheckFunctionExists.c.o   -c /usr/share/cmake-3.10/Modules/CheckFunctionExists.c
Linking C executable cmTC_ead08
/usr/bin/cmake -E cmake_link_script CMakeFiles/cmTC_ead08.dir/link.txt --verbose=1
/usr/bin/gcc -fPIC -DCHECK_FUNCTION_EXISTS=pthread_create    -rdynamic CMakeFiles/cmTC_ead08.dir/CheckFunctionExists.c.o  -o cmTC_ead08 -lpthreads 
/usr/bin/ld: cannot find -lpthreads
collect2: error: ld returned 1 exit status
CMakeFiles/cmTC_ead08.dir/build.make:97: recipe for target 'cmTC_ead08' failed
make[1]: *** [cmTC_ead08] Error 1
make[1]: Leaving directory '/home/altex/Mehrizi/tensorrtx/Desktop-build-qt/CMakeFiles/CMakeTmp'
Makefile:126: recipe for target 'cmTC_ead08/fast' failed
make: *** [cmTC_ead08/fast] Error 2


