Determining if the pthread_create exist failed with the following output:
Change Dir: /home/altex/tensorrtx/build-yolov5_exploring-Desktop-Default/CMakeFiles/CMakeTmp

Run Build Command:"/usr/bin/make" "cmTC_d3122/fast"
/usr/bin/make -f CMakeFiles/cmTC_d3122.dir/build.make CMakeFiles/cmTC_d3122.dir/build
make[1]: Entering directory '/home/altex/tensorrtx/build-yolov5_exploring-Desktop-Default/CMakeFiles/CMakeTmp'
Building C object CMakeFiles/cmTC_d3122.dir/CheckSymbolExists.c.o
/usr/bin/gcc   -fPIC    -o CMakeFiles/cmTC_d3122.dir/CheckSymbolExists.c.o   -c /home/altex/tensorrtx/build-yolov5_exploring-Desktop-Default/CMakeFiles/CMakeTmp/CheckSymbolExists.c
Linking C executable cmTC_d3122
/usr/bin/cmake -E cmake_link_script CMakeFiles/cmTC_d3122.dir/link.txt --verbose=1
/usr/bin/gcc -fPIC     -rdynamic CMakeFiles/cmTC_d3122.dir/CheckSymbolExists.c.o  -o cmTC_d3122 
CMakeFiles/cmTC_d3122.dir/CheckSymbolExists.c.o: In function `main':
CheckSymbolExists.c:(.text+0x1b): undefined reference to `pthread_create'
collect2: error: ld returned 1 exit status
CMakeFiles/cmTC_d3122.dir/build.make:97: recipe for target 'cmTC_d3122' failed
make[1]: *** [cmTC_d3122] Error 1
make[1]: Leaving directory '/home/altex/tensorrtx/build-yolov5_exploring-Desktop-Default/CMakeFiles/CMakeTmp'
Makefile:126: recipe for target 'cmTC_d3122/fast' failed
make: *** [cmTC_d3122/fast] Error 2

File /home/altex/tensorrtx/build-yolov5_exploring-Desktop-Default/CMakeFiles/CMakeTmp/CheckSymbolExists.c:
/* */
#include <pthread.h>

int main(int argc, char** argv)
{
  (void)argv;
#ifndef pthread_create
  return ((int*)(&pthread_create))[argc];
#else
  (void)argc;
  return 0;
#endif
}

Determining if the function pthread_create exists in the pthreads failed with the following output:
Change Dir: /home/altex/tensorrtx/build-yolov5_exploring-Desktop-Default/CMakeFiles/CMakeTmp

Run Build Command:"/usr/bin/make" "cmTC_d6c6a/fast"
/usr/bin/make -f CMakeFiles/cmTC_d6c6a.dir/build.make CMakeFiles/cmTC_d6c6a.dir/build
make[1]: Entering directory '/home/altex/tensorrtx/build-yolov5_exploring-Desktop-Default/CMakeFiles/CMakeTmp'
Building C object CMakeFiles/cmTC_d6c6a.dir/CheckFunctionExists.c.o
/usr/bin/gcc   -fPIC -DCHECK_FUNCTION_EXISTS=pthread_create   -o CMakeFiles/cmTC_d6c6a.dir/CheckFunctionExists.c.o   -c /usr/share/cmake-3.10/Modules/CheckFunctionExists.c
Linking C executable cmTC_d6c6a
/usr/bin/cmake -E cmake_link_script CMakeFiles/cmTC_d6c6a.dir/link.txt --verbose=1
/usr/bin/gcc -fPIC -DCHECK_FUNCTION_EXISTS=pthread_create    -rdynamic CMakeFiles/cmTC_d6c6a.dir/CheckFunctionExists.c.o  -o cmTC_d6c6a -lpthreads 
/usr/bin/ld: cannot find -lpthreads
collect2: error: ld returned 1 exit status
CMakeFiles/cmTC_d6c6a.dir/build.make:97: recipe for target 'cmTC_d6c6a' failed
make[1]: *** [cmTC_d6c6a] Error 1
make[1]: Leaving directory '/home/altex/tensorrtx/build-yolov5_exploring-Desktop-Default/CMakeFiles/CMakeTmp'
Makefile:126: recipe for target 'cmTC_d6c6a/fast' failed
make: *** [cmTC_d6c6a/fast] Error 2


Determining if the pthread_create exist failed with the following output:
Change Dir: /home/altex/tensorrtx/build-yolov5_exploring-Desktop-Default/CMakeFiles/CMakeTmp

Run Build Command:"/usr/bin/make" "cmTC_4e7a0/fast"
/usr/bin/make -f CMakeFiles/cmTC_4e7a0.dir/build.make CMakeFiles/cmTC_4e7a0.dir/build
make[1]: Entering directory '/home/altex/tensorrtx/build-yolov5_exploring-Desktop-Default/CMakeFiles/CMakeTmp'
Building C object CMakeFiles/cmTC_4e7a0.dir/CheckSymbolExists.c.o
/usr/bin/gcc   -fPIC    -o CMakeFiles/cmTC_4e7a0.dir/CheckSymbolExists.c.o   -c /home/altex/tensorrtx/build-yolov5_exploring-Desktop-Default/CMakeFiles/CMakeTmp/CheckSymbolExists.c
Linking C executable cmTC_4e7a0
/usr/bin/cmake -E cmake_link_script CMakeFiles/cmTC_4e7a0.dir/link.txt --verbose=1
/usr/bin/gcc -fPIC     -rdynamic CMakeFiles/cmTC_4e7a0.dir/CheckSymbolExists.c.o  -o cmTC_4e7a0 
CMakeFiles/cmTC_4e7a0.dir/CheckSymbolExists.c.o: In function `main':
CheckSymbolExists.c:(.text+0x1b): undefined reference to `pthread_create'
collect2: error: ld returned 1 exit status
CMakeFiles/cmTC_4e7a0.dir/build.make:97: recipe for target 'cmTC_4e7a0' failed
make[1]: *** [cmTC_4e7a0] Error 1
make[1]: Leaving directory '/home/altex/tensorrtx/build-yolov5_exploring-Desktop-Default/CMakeFiles/CMakeTmp'
Makefile:126: recipe for target 'cmTC_4e7a0/fast' failed
make: *** [cmTC_4e7a0/fast] Error 2

File /home/altex/tensorrtx/build-yolov5_exploring-Desktop-Default/CMakeFiles/CMakeTmp/CheckSymbolExists.c:
/* */
#include <pthread.h>

int main(int argc, char** argv)
{
  (void)argv;
#ifndef pthread_create
  return ((int*)(&pthread_create))[argc];
#else
  (void)argc;
  return 0;
#endif
}

Determining if the function pthread_create exists in the pthreads failed with the following output:
Change Dir: /home/altex/tensorrtx/build-yolov5_exploring-Desktop-Default/CMakeFiles/CMakeTmp

Run Build Command:"/usr/bin/make" "cmTC_29e6c/fast"
/usr/bin/make -f CMakeFiles/cmTC_29e6c.dir/build.make CMakeFiles/cmTC_29e6c.dir/build
make[1]: Entering directory '/home/altex/tensorrtx/build-yolov5_exploring-Desktop-Default/CMakeFiles/CMakeTmp'
Building C object CMakeFiles/cmTC_29e6c.dir/CheckFunctionExists.c.o
/usr/bin/gcc   -fPIC -DCHECK_FUNCTION_EXISTS=pthread_create   -o CMakeFiles/cmTC_29e6c.dir/CheckFunctionExists.c.o   -c /usr/share/cmake-3.10/Modules/CheckFunctionExists.c
Linking C executable cmTC_29e6c
/usr/bin/cmake -E cmake_link_script CMakeFiles/cmTC_29e6c.dir/link.txt --verbose=1
/usr/bin/gcc -fPIC -DCHECK_FUNCTION_EXISTS=pthread_create    -rdynamic CMakeFiles/cmTC_29e6c.dir/CheckFunctionExists.c.o  -o cmTC_29e6c -lpthreads 
/usr/bin/ld: cannot find -lpthreads
collect2: error: ld returned 1 exit status
CMakeFiles/cmTC_29e6c.dir/build.make:97: recipe for target 'cmTC_29e6c' failed
make[1]: *** [cmTC_29e6c] Error 1
make[1]: Leaving directory '/home/altex/tensorrtx/build-yolov5_exploring-Desktop-Default/CMakeFiles/CMakeTmp'
Makefile:126: recipe for target 'cmTC_29e6c/fast' failed
make: *** [cmTC_29e6c/fast] Error 2


Determining if the pthread_create exist failed with the following output:
Change Dir: /home/altex/tensorrtx/build-yolov5_exploring-Desktop-Default/CMakeFiles/CMakeTmp

Run Build Command:"/usr/bin/make" "cmTC_2eb12/fast"
/usr/bin/make -f CMakeFiles/cmTC_2eb12.dir/build.make CMakeFiles/cmTC_2eb12.dir/build
make[1]: Entering directory '/home/altex/tensorrtx/build-yolov5_exploring-Desktop-Default/CMakeFiles/CMakeTmp'
Building C object CMakeFiles/cmTC_2eb12.dir/CheckSymbolExists.c.o
/usr/bin/gcc   -fPIC    -o CMakeFiles/cmTC_2eb12.dir/CheckSymbolExists.c.o   -c /home/altex/tensorrtx/build-yolov5_exploring-Desktop-Default/CMakeFiles/CMakeTmp/CheckSymbolExists.c
Linking C executable cmTC_2eb12
/usr/bin/cmake -E cmake_link_script CMakeFiles/cmTC_2eb12.dir/link.txt --verbose=1
/usr/bin/gcc -fPIC     -rdynamic CMakeFiles/cmTC_2eb12.dir/CheckSymbolExists.c.o  -o cmTC_2eb12 
CMakeFiles/cmTC_2eb12.dir/CheckSymbolExists.c.o: In function `main':
CheckSymbolExists.c:(.text+0x1b): undefined reference to `pthread_create'
collect2: error: ld returned 1 exit status
CMakeFiles/cmTC_2eb12.dir/build.make:97: recipe for target 'cmTC_2eb12' failed
make[1]: *** [cmTC_2eb12] Error 1
make[1]: Leaving directory '/home/altex/tensorrtx/build-yolov5_exploring-Desktop-Default/CMakeFiles/CMakeTmp'
Makefile:126: recipe for target 'cmTC_2eb12/fast' failed
make: *** [cmTC_2eb12/fast] Error 2

File /home/altex/tensorrtx/build-yolov5_exploring-Desktop-Default/CMakeFiles/CMakeTmp/CheckSymbolExists.c:
/* */
#include <pthread.h>

int main(int argc, char** argv)
{
  (void)argv;
#ifndef pthread_create
  return ((int*)(&pthread_create))[argc];
#else
  (void)argc;
  return 0;
#endif
}

Determining if the function pthread_create exists in the pthreads failed with the following output:
Change Dir: /home/altex/tensorrtx/build-yolov5_exploring-Desktop-Default/CMakeFiles/CMakeTmp

Run Build Command:"/usr/bin/make" "cmTC_85b1a/fast"
/usr/bin/make -f CMakeFiles/cmTC_85b1a.dir/build.make CMakeFiles/cmTC_85b1a.dir/build
make[1]: Entering directory '/home/altex/tensorrtx/build-yolov5_exploring-Desktop-Default/CMakeFiles/CMakeTmp'
Building C object CMakeFiles/cmTC_85b1a.dir/CheckFunctionExists.c.o
/usr/bin/gcc   -fPIC -DCHECK_FUNCTION_EXISTS=pthread_create   -o CMakeFiles/cmTC_85b1a.dir/CheckFunctionExists.c.o   -c /usr/share/cmake-3.10/Modules/CheckFunctionExists.c
Linking C executable cmTC_85b1a
/usr/bin/cmake -E cmake_link_script CMakeFiles/cmTC_85b1a.dir/link.txt --verbose=1
/usr/bin/gcc -fPIC -DCHECK_FUNCTION_EXISTS=pthread_create    -rdynamic CMakeFiles/cmTC_85b1a.dir/CheckFunctionExists.c.o  -o cmTC_85b1a -lpthreads 
/usr/bin/ld: cannot find -lpthreads
collect2: error: ld returned 1 exit status
CMakeFiles/cmTC_85b1a.dir/build.make:97: recipe for target 'cmTC_85b1a' failed
make[1]: *** [cmTC_85b1a] Error 1
make[1]: Leaving directory '/home/altex/tensorrtx/build-yolov5_exploring-Desktop-Default/CMakeFiles/CMakeTmp'
Makefile:126: recipe for target 'cmTC_85b1a/fast' failed
make: *** [cmTC_85b1a/fast] Error 2


